Build started 20/08/2020 23:20:45.
     1>Project "D:\Nouran\programming\final project deliverables\PT_project\PT-Project.vcxproj" on node 2 (Build target(s)).
     1>ClCompile:
         C:\Program Files (x86)\Microsoft Visual Studio 11.0\VC\bin\CL.exe /c /ZI /nologo /W3 /WX- /Od /Oy- /D WIN32 /D _DEBUG /D _CONSOLE /D _VC80_UPGRADE=0x0600 /D _MBCS /Gm /EHsc /RTC1 /MTd /GS /fp:precise /Zc:wchar_t /Zc:forScope /Fo".\Debug/" /Fd".\Debug/vc110.pdb" /FR".\Debug\\" /Gd /TP /analyze- /errorReport:prompt AcceptMortgage.cpp Action.cpp AddCardAction.cpp AddCoinsetAction.cpp AddLadderAction.cpp AddSnakeAction.cpp ApplicationManager.cpp Card.cpp Card10.cpp Card11.cpp Card12.cpp Card13.cpp Card14.cpp Card15.cpp Card6.cpp Card7.cpp Card8.cpp Card9.cpp CopyAction.cpp CutAction.cpp DecWalletCard_1.cpp Cell.cpp CellPosition.cpp CMUgraphicsLib\auxil.cpp CMUgraphicsLib\CMUgraphics.cpp CMUgraphicsLib\colors.cpp CMUgraphicsLib\image.cpp CMUgraphicsLib\keyqueue.cpp CMUgraphicsLib\mousequeue.cpp CMUgraphicsLib\windowinput.cpp DeleteGameObject.cpp FireCard_5.cpp GameObject.cpp Grid.cpp Input.cpp InputDiceValue.cpp Ladder.cpp NewGame.cpp OfferMortgage.cpp OpenGridAction.cpp Output.cpp PasteAction.cpp Player.cpp Main.cpp PreventCard_4.cpp Returnmortgageaction.cpp RollDiceAction.cpp SaveGridAction.cpp SellCity.cpp Snake.cpp CoinSet.cpp BackwardCard_3.cpp NextCard_2.cpp SwitchToDesignMode.cpp SwitchToPlayMode.cpp
         SwitchToPlayMode.cpp
         SwitchToDesignMode.cpp
         NextCard_2.cpp
         BackwardCard_3.cpp
         CoinSet.cpp
         Snake.cpp
         SellCity.cpp
     1>d:\nouran\programming\final project deliverables\pt_project\sellcity.cpp(60): warning C4244: 'argument' : conversion from 'double' to 'int', possible loss of data
     1>d:\nouran\programming\final project deliverables\pt_project\sellcity.cpp(88): warning C4244: 'argument' : conversion from 'double' to 'int', possible loss of data
     1>d:\nouran\programming\final project deliverables\pt_project\sellcity.cpp(116): warning C4244: 'argument' : conversion from 'double' to 'int', possible loss of data
     1>d:\nouran\programming\final project deliverables\pt_project\sellcity.cpp(144): warning C4244: 'argument' : conversion from 'double' to 'int', possible loss of data
     1>d:\nouran\programming\final project deliverables\pt_project\sellcity.cpp(172): warning C4244: 'argument' : conversion from 'double' to 'int', possible loss of data
         SaveGridAction.cpp
         RollDiceAction.cpp
         Returnmortgageaction.cpp
     1>d:\nouran\programming\final project deliverables\pt_project\returnmortgageaction.cpp(67): warning C4244: 'argument' : conversion from 'double' to 'int', possible loss of data
     1>d:\nouran\programming\final project deliverables\pt_project\returnmortgageaction.cpp(68): warning C4244: 'argument' : conversion from 'double' to 'int', possible loss of data
     1>d:\nouran\programming\final project deliverables\pt_project\returnmortgageaction.cpp(130): warning C4244: 'argument' : conversion from 'double' to 'int', possible loss of data
     1>d:\nouran\programming\final project deliverables\pt_project\returnmortgageaction.cpp(131): warning C4244: 'argument' : conversion from 'double' to 'int', possible loss of data
     1>d:\nouran\programming\final project deliverables\pt_project\returnmortgageaction.cpp(194): warning C4244: 'argument' : conversion from 'double' to 'int', possible loss of data
     1>d:\nouran\programming\final project deliverables\pt_project\returnmortgageaction.cpp(195): warning C4244: 'argument' : conversion from 'double' to 'int', possible loss of data
     1>d:\nouran\programming\final project deliverables\pt_project\returnmortgageaction.cpp(258): warning C4244: 'argument' : conversion from 'double' to 'int', possible loss of data
     1>d:\nouran\programming\final project deliverables\pt_project\returnmortgageaction.cpp(259): warning C4244: 'argument' : conversion from 'double' to 'int', possible loss of data
     1>d:\nouran\programming\final project deliverables\pt_project\returnmortgageaction.cpp(322): warning C4244: 'argument' : conversion from 'double' to 'int', possible loss of data
     1>d:\nouran\programming\final project deliverables\pt_project\returnmortgageaction.cpp(323): warning C4244: 'argument' : conversion from 'double' to 'int', possible loss of data
         PreventCard_4.cpp
         Main.cpp
         Player.cpp
         PasteAction.cpp
     1>d:\nouran\programming\final project deliverables\pt_project\pasteaction.cpp(41): warning C4101: 'y' : unreferenced local variable
     1>d:\nouran\programming\final project deliverables\pt_project\pasteaction.cpp(41): warning C4101: 'x' : unreferenced local variable
         Output.cpp
         OpenGridAction.cpp
         OfferMortgage.cpp
         NewGame.cpp
     1>d:\nouran\programming\final project deliverables\pt_project\newgame.cpp(21): warning C4101: 'pPlayer' : unreferenced local variable
         Ladder.cpp
         InputDiceValue.cpp
         Generating Code...
         Compiling...
         Input.cpp
         Grid.cpp
     1>d:\nouran\programming\final project deliverables\pt_project\grid.cpp(729): warning C4101: 'maxSteps' : unreferenced local variable
     1>d:\nouran\programming\final project deliverables\pt_project\grid.cpp(731): warning C4101: 'checki' : unreferenced local variable
         GameObject.cpp
         FireCard_5.cpp
         DeleteGameObject.cpp
         windowinput.cpp
         mousequeue.cpp
         keyqueue.cpp
         image.cpp
     1>d:\nouran\programming\final project deliverables\pt_project\cmugraphicslib\image.cpp(115): warning C4018: '<' : signed/unsigned mismatch
         colors.cpp
         CMUgraphics.cpp
     1>d:\nouran\programming\final project deliverables\pt_project\cmugraphicslib\cmugraphics.cpp(257): warning C4101: 'iY' : unreferenced local variable
     1>d:\nouran\programming\final project deliverables\pt_project\cmugraphicslib\cmugraphics.cpp(257): warning C4101: 'iX' : unreferenced local variable
     1>d:\nouran\programming\final project deliverables\pt_project\cmugraphicslib\cmugraphics.cpp(751): warning C4996: 'strcpy': This function or variable may be unsafe. Consider using strcpy_s instead. To disable deprecation, use _CRT_SECURE_NO_WARNINGS. See online help for details.
                 c:\program files (x86)\microsoft visual studio 11.0\vc\include\string.h(110) : see declaration of 'strcpy'
     1>d:\nouran\programming\final project deliverables\pt_project\cmugraphicslib\cmugraphics.cpp(1164): warning C4996: 'sprintf': This function or variable may be unsafe. Consider using sprintf_s instead. To disable deprecation, use _CRT_SECURE_NO_WARNINGS. See online help for details.
                 c:\program files (x86)\microsoft visual studio 11.0\vc\include\stdio.h(357) : see declaration of 'sprintf'
     1>d:\nouran\programming\final project deliverables\pt_project\cmugraphicslib\cmugraphics.cpp(1171): warning C4996: 'sprintf': This function or variable may be unsafe. Consider using sprintf_s instead. To disable deprecation, use _CRT_SECURE_NO_WARNINGS. See online help for details.
                 c:\program files (x86)\microsoft visual studio 11.0\vc\include\stdio.h(357) : see declaration of 'sprintf'
     1>d:\nouran\programming\final project deliverables\pt_project\cmugraphicslib\cmugraphics.cpp(1202): warning C4996: 'sprintf': This function or variable may be unsafe. Consider using sprintf_s instead. To disable deprecation, use _CRT_SECURE_NO_WARNINGS. See online help for details.
                 c:\program files (x86)\microsoft visual studio 11.0\vc\include\stdio.h(357) : see declaration of 'sprintf'
     1>d:\nouran\programming\final project deliverables\pt_project\cmugraphicslib\cmugraphics.cpp(1210): warning C4996: 'sprintf': This function or variable may be unsafe. Consider using sprintf_s instead. To disable deprecation, use _CRT_SECURE_NO_WARNINGS. See online help for details.
                 c:\program files (x86)\microsoft visual studio 11.0\vc\include\stdio.h(357) : see declaration of 'sprintf'
     1>d:\nouran\programming\final project deliverables\pt_project\cmugraphicslib\cmugraphics.cpp(1357): warning C4018: '>' : signed/unsigned mismatch
         auxil.cpp
         CellPosition.cpp
         Cell.cpp
         DecWalletCard_1.cpp
         CutAction.cpp
         CopyAction.cpp
         Card9.cpp
         Card8.cpp
         Card7.cpp
         Generating Code...
         Compiling...
         Card6.cpp
     1>d:\nouran\programming\final project deliverables\pt_project\card6.cpp(25): warning C4800: 'int' : forcing value to bool 'true' or 'false' (performance warning)
         Card15.cpp
         Card14.cpp
         Card13.cpp
         Card12.cpp
         Card11.cpp
         Card10.cpp
         Card.cpp
         ApplicationManager.cpp
         AddSnakeAction.cpp
         AddLadderAction.cpp
         AddCoinsetAction.cpp
         AddCardAction.cpp
         Action.cpp
         AcceptMortgage.cpp
     1>d:\nouran\programming\final project deliverables\pt_project\acceptmortgage.cpp(67): warning C4244: 'argument' : conversion from 'double' to 'int', possible loss of data
     1>d:\nouran\programming\final project deliverables\pt_project\acceptmortgage.cpp(68): warning C4244: 'argument' : conversion from 'double' to 'int', possible loss of data
     1>d:\nouran\programming\final project deliverables\pt_project\acceptmortgage.cpp(123): warning C4244: 'argument' : conversion from 'double' to 'int', possible loss of data
     1>d:\nouran\programming\final project deliverables\pt_project\acceptmortgage.cpp(124): warning C4244: 'argument' : conversion from 'double' to 'int', possible loss of data
     1>d:\nouran\programming\final project deliverables\pt_project\acceptmortgage.cpp(180): warning C4244: 'argument' : conversion from 'double' to 'int', possible loss of data
     1>d:\nouran\programming\final project deliverables\pt_project\acceptmortgage.cpp(181): warning C4244: 'argument' : conversion from 'double' to 'int', possible loss of data
     1>d:\nouran\programming\final project deliverables\pt_project\acceptmortgage.cpp(237): warning C4244: 'argument' : conversion from 'double' to 'int', possible loss of data
     1>d:\nouran\programming\final project deliverables\pt_project\acceptmortgage.cpp(238): warning C4244: 'argument' : conversion from 'double' to 'int', possible loss of data
     1>d:\nouran\programming\final project deliverables\pt_project\acceptmortgage.cpp(295): warning C4244: 'argument' : conversion from 'double' to 'int', possible loss of data
     1>d:\nouran\programming\final project deliverables\pt_project\acceptmortgage.cpp(296): warning C4244: 'argument' : conversion from 'double' to 'int', possible loss of data
         Generating Code...
         C:\Program Files (x86)\Microsoft Visual Studio 11.0\VC\bin\CL.exe /c /ZI /nologo /W3 /WX- /Od /Oy- /D WIN32 /D _DEBUG /D _CONSOLE /D _VC80_UPGRADE=0x0600 /D _MBCS /Gm /EHsc /RTC1 /MTd /GS /fp:precise /Zc:wchar_t /Zc:forScope /Fo".\Debug/" /Fd".\Debug/vc110.pdb" /FR".\Debug\\" /Gd /TC /analyze- /errorReport:prompt CMUgraphicsLib\jpegload.c CMUgraphicsLib\jpeg\jcomapi.c CMUgraphicsLib\jpeg\jcparam.c CMUgraphicsLib\jpeg\jdapimin.c CMUgraphicsLib\jpeg\jdapistd.c CMUgraphicsLib\jpeg\jdatasrc.c CMUgraphicsLib\jpeg\jdcoefct.c CMUgraphicsLib\jpeg\jdcolor.c CMUgraphicsLib\jpeg\jddctmgr.c CMUgraphicsLib\jpeg\jdhuff.c CMUgraphicsLib\jpeg\jdinput.c CMUgraphicsLib\jpeg\jdmainct.c CMUgraphicsLib\jpeg\jdmarker.c CMUgraphicsLib\jpeg\jdmaster.c CMUgraphicsLib\jpeg\jdmerge.c CMUgraphicsLib\jpeg\jdphuff.c CMUgraphicsLib\jpeg\jdpostct.c CMUgraphicsLib\jpeg\jdsample.c CMUgraphicsLib\jpeg\jdtrans.c CMUgraphicsLib\jpeg\jerror.c CMUgraphicsLib\jpeg\jidctflt.c CMUgraphicsLib\jpeg\jidctfst.c CMUgraphicsLib\jpeg\jidctint.c CMUgraphicsLib\jpeg\jidctred.c CMUgraphicsLib\jpeg\jmemmgr.c CMUgraphicsLib\jpeg\jmemnobs.c CMUgraphicsLib\jpeg\jquant1.c CMUgraphicsLib\jpeg\jquant2.c CMUgraphicsLib\jpeg\jutils.c
         jutils.c
         jquant2.c
         jquant1.c
         jmemnobs.c
         jmemmgr.c
     1>d:\nouran\programming\final project deliverables\pt_project\cmugraphicslib\jpeg\jmemmgr.c(1103): warning C4996: 'getenv': This function or variable may be unsafe. Consider using _dupenv_s instead. To disable deprecation, use _CRT_SECURE_NO_WARNINGS. See online help for details.
                 c:\program files (x86)\microsoft visual studio 11.0\vc\include\stdlib.h(449) : see declaration of 'getenv'
     1>d:\nouran\programming\final project deliverables\pt_project\cmugraphicslib\jpeg\jmemmgr.c(1106): warning C4996: 'sscanf': This function or variable may be unsafe. Consider using sscanf_s instead. To disable deprecation, use _CRT_SECURE_NO_WARNINGS. See online help for details.
                 c:\program files (x86)\microsoft visual studio 11.0\vc\include\stdio.h(311) : see declaration of 'sscanf'
         jidctred.c
         jidctint.c
         jidctfst.c
         jidctflt.c
         jerror.c
     1>d:\nouran\programming\final project deliverables\pt_project\cmugraphicslib\jpeg\jerror.c(169): warning C4996: 'sprintf': This function or variable may be unsafe. Consider using sprintf_s instead. To disable deprecation, use _CRT_SECURE_NO_WARNINGS. See online help for details.
                 c:\program files (x86)\microsoft visual studio 11.0\vc\include\stdio.h(357) : see declaration of 'sprintf'
     1>d:\nouran\programming\final project deliverables\pt_project\cmugraphicslib\jpeg\jerror.c(175): warning C4996: 'sprintf': This function or variable may be unsafe. Consider using sprintf_s instead. To disable deprecation, use _CRT_SECURE_NO_WARNINGS. See online help for details.
                 c:\program files (x86)\microsoft visual studio 11.0\vc\include\stdio.h(357) : see declaration of 'sprintf'
         jdtrans.c
         jdsample.c
         jdpostct.c
         jdphuff.c
         jdmerge.c
         jdmaster.c
         jdmarker.c
         jdmainct.c
         jdinput.c
         jdhuff.c
         Generating Code...
         Compiling...
         jddctmgr.c
         jdcolor.c
         jdcoefct.c
         jdatasrc.c
         jdapistd.c
         jdapimin.c
         jcparam.c
         jcomapi.c
         jpegload.c
     1>d:\nouran\programming\final project deliverables\pt_project\cmugraphicslib\jpegload.c(23): warning C4996: 'fopen': This function or variable may be unsafe. Consider using fopen_s instead. To disable deprecation, use _CRT_SECURE_NO_WARNINGS. See online help for details.
                 c:\program files (x86)\microsoft visual studio 11.0\vc\include\stdio.h(218) : see declaration of 'fopen'
         Generating Code...
       Link:
         C:\Program Files (x86)\Microsoft Visual Studio 11.0\VC\bin\link.exe /ERRORREPORT:PROMPT /OUT:".\Debug/PT Project.exe" /INCREMENTAL /NOLOGO odbc32.lib odbccp32.lib winmm.lib kernel32.lib user32.lib gdi32.lib winspool.lib comdlg32.lib advapi32.lib shell32.lib ole32.lib oleaut32.lib uuid.lib odbc32.lib odbccp32.lib /MANIFEST /MANIFESTUAC:"level='asInvoker' uiAccess='false'" /manifest:embed /DEBUG /PDB:".\Debug/PT Project.pdb" /SUBSYSTEM:CONSOLE /TLBID:1 /DYNAMICBASE /NXCOMPAT /IMPLIB:".\Debug\PT Project.lib" /MACHINE:X86 /SAFESEH .\Debug/AcceptMortgage.obj
         .\Debug/Action.obj
         .\Debug/AddCardAction.obj
         .\Debug/AddCoinsetAction.obj
         .\Debug/AddLadderAction.obj
         .\Debug/AddSnakeAction.obj
         .\Debug/ApplicationManager.obj
         .\Debug/Card.obj
         .\Debug/Card10.obj
         .\Debug/Card11.obj
         .\Debug/Card12.obj
         .\Debug/Card13.obj
         .\Debug/Card14.obj
         .\Debug/Card15.obj
         .\Debug/Card6.obj
         .\Debug/Card7.obj
         .\Debug/Card8.obj
         .\Debug/Card9.obj
         .\Debug/CopyAction.obj
         .\Debug/CutAction.obj
         .\Debug/DecWalletCard_1.obj
         .\Debug/Cell.obj
         .\Debug/CellPosition.obj
         .\Debug/auxil.obj
         .\Debug/CMUgraphics.obj
         .\Debug/colors.obj
         .\Debug/image.obj
         .\Debug/jpegload.obj
         .\Debug/keyqueue.obj
         .\Debug/mousequeue.obj
         .\Debug/windowinput.obj
         .\Debug/jcomapi.obj
         .\Debug/jcparam.obj
         .\Debug/jdapimin.obj
         .\Debug/jdapistd.obj
         .\Debug/jdatasrc.obj
         .\Debug/jdcoefct.obj
         .\Debug/jdcolor.obj
         .\Debug/jddctmgr.obj
         .\Debug/jdhuff.obj
         .\Debug/jdinput.obj
         .\Debug/jdmainct.obj
         .\Debug/jdmarker.obj
         .\Debug/jdmaster.obj
         .\Debug/jdmerge.obj
         .\Debug/jdphuff.obj
         .\Debug/jdpostct.obj
         .\Debug/jdsample.obj
         .\Debug/jdtrans.obj
         .\Debug/jerror.obj
         .\Debug/jidctflt.obj
         .\Debug/jidctfst.obj
         .\Debug/jidctint.obj
         .\Debug/jidctred.obj
         .\Debug/jmemmgr.obj
         .\Debug/jmemnobs.obj
         .\Debug/jquant1.obj
         .\Debug/jquant2.obj
         .\Debug/jutils.obj
         .\Debug/DeleteGameObject.obj
         .\Debug/FireCard_5.obj
         .\Debug/GameObject.obj
         .\Debug/Grid.obj
         .\Debug/Input.obj
         .\Debug/InputDiceValue.obj
         .\Debug/Ladder.obj
         .\Debug/NewGame.obj
         .\Debug/OfferMortgage.obj
         .\Debug/OpenGridAction.obj
         .\Debug/Output.obj
         .\Debug/PasteAction.obj
         .\Debug/Player.obj
         .\Debug/Main.obj
         .\Debug/PreventCard_4.obj
         .\Debug/Returnmortgageaction.obj
         .\Debug/RollDiceAction.obj
         .\Debug/SaveGridAction.obj
         .\Debug/SellCity.obj
         .\Debug/Snake.obj
         .\Debug/CoinSet.obj
         .\Debug/BackwardCard_3.obj
         .\Debug/NextCard_2.obj
         .\Debug/SwitchToDesignMode.obj
         .\Debug/SwitchToPlayMode.obj
     1>AcceptMortgage.obj : warning LNK4075: ignoring '/EDITANDCONTINUE' due to '/SAFESEH' specification
         PT-Project.vcxproj -> D:\Nouran\programming\final project deliverables\PT_project\.\Debug\PT Project.exe
       BscMake:
         C:\Program Files (x86)\Microsoft Visual Studio 11.0\VC\bin\bscmake.exe /nologo /o".\Debug/PT Project.bsc" .\Debug\AcceptMortgage.sbr .\Debug\Action.sbr .\Debug\AddCardAction.sbr .\Debug\AddCoinsetAction.sbr .\Debug\AddLadderAction.sbr .\Debug\AddSnakeAction.sbr .\Debug\ApplicationManager.sbr .\Debug\Card.sbr .\Debug\Card10.sbr .\Debug\Card11.sbr .\Debug\Card12.sbr .\Debug\Card13.sbr .\Debug\Card14.sbr .\Debug\Card15.sbr .\Debug\Card6.sbr .\Debug\Card7.sbr .\Debug\Card8.sbr .\Debug\Card9.sbr .\Debug\CopyAction.sbr .\Debug\CutAction.sbr .\Debug\DecWalletCard_1.sbr .\Debug\Cell.sbr .\Debug\CellPosition.sbr .\Debug\auxil.sbr .\Debug\CMUgraphics.sbr .\Debug\colors.sbr .\Debug\image.sbr .\Debug\jpegload.sbr .\Debug\keyqueue.sbr .\Debug\mousequeue.sbr .\Debug\windowinput.sbr .\Debug\jcomapi.sbr .\Debug\jcparam.sbr .\Debug\jdapimin.sbr .\Debug\jdapistd.sbr .\Debug\jdatasrc.sbr .\Debug\jdcoefct.sbr .\Debug\jdcolor.sbr .\Debug\jddctmgr.sbr .\Debug\jdhuff.sbr .\Debug\jdinput.sbr .\Debug\jdmainct.sbr .\Debug\jdmarker.sbr .\Debug\jdmaster.sbr .\Debug\jdmerge.sbr .\Debug\jdphuff.sbr .\Debug\jdpostct.sbr .\Debug\jdsample.sbr .\Debug\jdtrans.sbr .\Debug\jerror.sbr .\Debug\jidctflt.sbr .\Debug\jidctfst.sbr .\Debug\jidctint.sbr .\Debug\jidctred.sbr .\Debug\jmemmgr.sbr .\Debug\jmemnobs.sbr .\Debug\jquant1.sbr .\Debug\jquant2.sbr .\Debug\jutils.sbr .\Debug\DeleteGameObject.sbr .\Debug\FireCard_5.sbr .\Debug\GameObject.sbr .\Debug\Grid.sbr .\Debug\Input.sbr .\Debug\InputDiceValue.sbr .\Debug\Ladder.sbr .\Debug\NewGame.sbr .\Debug\OfferMortgage.sbr .\Debug\OpenGridAction.sbr .\Debug\Output.sbr .\Debug\PasteAction.sbr .\Debug\Player.sbr .\Debug\Main.sbr .\Debug\PreventCard_4.sbr .\Debug\Returnmortgageaction.sbr .\Debug\RollDiceAction.sbr .\Debug\SaveGridAction.sbr .\Debug\SellCity.sbr .\Debug\Snake.sbr .\Debug\CoinSet.sbr .\Debug\BackwardCard_3.sbr .\Debug\NextCard_2.sbr .\Debug\SwitchToDesignMode.sbr .\Debug\SwitchToPlayMode.sbr
     1>Done Building Project "D:\Nouran\programming\final project deliverables\PT_project\PT-Project.vcxproj" (Build target(s)).

Build succeeded.

Time Elapsed 00:01:42.69
